<?xml version="1.0" encoding="UTF-8"?>
<!-- Generated by org.testng.reporters.JUnitReportReporter -->
<testsuite skipped="0" hostname="DESKTOP-N9M8VUU" name="MBOnlineShopWorklow.MercedesBenz.OrderWorkflowTest" tests="1" failures="0" timestamp="01 Jul 2019 13:48:14 GMT" time="25.327" errors="0">
  <testcase name="orderWorkflowTest" time="25.327" classname="MBOnlineShopWorklow.MercedesBenz.OrderWorkflowTest"/>
</testsuite> <!-- MBOnlineShopWorklow.MercedesBenz.OrderWorkflowTest -->
