<?xml version="1.0" encoding="UTF-8"?>
<!-- Generated by org.testng.reporters.JUnitReportReporter -->
<testsuite skipped="0" hostname="DESKTOP-N9M8VUU" name="MBOnlineShopWorklow.MercedesBenz.OrderWorkflowTest" tests="1" failures="0" timestamp="30 Jun 2019 19:36:15 GMT" time="27.926" errors="0">
  <testcase name="orderWorkflowTest" time="27.926" classname="MBOnlineShopWorklow.MercedesBenz.OrderWorkflowTest"/>
</testsuite> <!-- MBOnlineShopWorklow.MercedesBenz.OrderWorkflowTest -->
