<?xml version="1.0" encoding="UTF-8"?>
<!-- Generated by org.testng.reporters.JUnitReportReporter -->
<testsuite skipped="0" hostname="DESKTOP-N9M8VUU" name="MBOnlineShopWorklow.MercedesBenz.OrderWorkflowTest" tests="1" failures="0" timestamp="30 Jun 2019 16:05:33 GMT" time="26.480" errors="0">
  <testcase name="orderWorkflowTest" time="26.480" classname="MBOnlineShopWorklow.MercedesBenz.OrderWorkflowTest"/>
</testsuite> <!-- MBOnlineShopWorklow.MercedesBenz.OrderWorkflowTest -->
