<?xml version="1.0" encoding="UTF-8"?>
<!-- Generated by org.testng.reporters.JUnitReportReporter -->
<testsuite skipped="0" hostname="DESKTOP-N9M8VUU" name="MBOnlineShopWorklow.MercedesBenz.OLWorkflowTest" tests="1" failures="0" timestamp="30 Jun 2019 10:00:28 GMT" time="40.626" errors="0">
  <testcase name="homePageNavigation" time="40.626" classname="MBOnlineShopWorklow.MercedesBenz.OLWorkflowTest"/>
</testsuite> <!-- MBOnlineShopWorklow.MercedesBenz.OLWorkflowTest -->
